{"level":"info","message":"\u001b[32mGET\u001b[39m \u001b[34m/api/v1/campaigns/search?\u001b[39m \u001b[33m2021-11-22 21:26:5\u001b[39m","service":"user-service"}
{"level":"info","message":"\u001b[32mOPTIONS\u001b[39m \u001b[34m/api/v1/auth/verify\u001b[39m \u001b[33m2021-11-22 21:26:8\u001b[39m","service":"user-service"}
{"level":"info","message":"\u001b[32mGET\u001b[39m \u001b[34m/api/v1/auth/verify\u001b[39m \u001b[33m2021-11-22 21:26:8\u001b[39m","service":"user-service"}
{"level":"info","message":"\u001b[32mGET\u001b[39m \u001b[34m/api/v1/campaigns/search?\u001b[39m \u001b[33m2021-11-22 22:2:22\u001b[39m","service":"user-service"}
{"level":"info","message":"\u001b[32mOPTIONS\u001b[39m \u001b[34m/api/v1/auth/verify\u001b[39m \u001b[33m2021-11-22 22:4:2\u001b[39m","service":"user-service"}
{"level":"info","message":"\u001b[32mGET\u001b[39m \u001b[34m/api/v1/auth/verify\u001b[39m \u001b[33m2021-11-22 22:4:2\u001b[39m","service":"user-service"}
{"level":"info","message":"\u001b[32mOPTIONS\u001b[39m \u001b[34m/api/v1/auth/verify\u001b[39m \u001b[33m2021-11-22 22:4:14\u001b[39m","service":"user-service"}
{"level":"info","message":"\u001b[32mGET\u001b[39m \u001b[34m/api/v1/auth/verify\u001b[39m \u001b[33m2021-11-22 22:4:14\u001b[39m","service":"user-service"}
{"level":"info","message":"\u001b[32mOPTIONS\u001b[39m \u001b[34m/api/v1/auth/verify\u001b[39m \u001b[33m2021-11-22 22:8:6\u001b[39m","service":"user-service"}
{"level":"info","message":"\u001b[32mGET\u001b[39m \u001b[34m/api/v1/auth/verify\u001b[39m \u001b[33m2021-11-22 22:8:6\u001b[39m","service":"user-service"}
{"level":"info","message":"\u001b[32mGET\u001b[39m \u001b[34m/api/v1/campaigns/search?\u001b[39m \u001b[33m2021-11-23 15:15:34\u001b[39m","service":"user-service"}
{"level":"info","message":"\u001b[32mOPTIONS\u001b[39m \u001b[34m/api/v1/auth/verify\u001b[39m \u001b[33m2021-11-23 15:15:37\u001b[39m","service":"user-service"}
{"level":"info","message":"\u001b[32mGET\u001b[39m \u001b[34m/api/v1/auth/verify\u001b[39m \u001b[33m2021-11-23 15:15:37\u001b[39m","service":"user-service"}
{"level":"info","message":"\u001b[32mOPTIONS\u001b[39m \u001b[34m/api/v1/auth/verify\u001b[39m \u001b[33m2021-11-23 15:23:13\u001b[39m","service":"user-service"}
{"level":"info","message":"\u001b[32mGET\u001b[39m \u001b[34m/api/v1/auth/verify\u001b[39m \u001b[33m2021-11-23 15:23:13\u001b[39m","service":"user-service"}
{"level":"info","message":"\u001b[32mOPTIONS\u001b[39m \u001b[34m/api/v1/auth/verify\u001b[39m \u001b[33m2021-11-23 16:38:52\u001b[39m","service":"user-service"}
{"level":"info","message":"\u001b[32mGET\u001b[39m \u001b[34m/api/v1/auth/verify\u001b[39m \u001b[33m2021-11-23 16:38:52\u001b[39m","service":"user-service"}
{"level":"info","message":"\u001b[32mOPTIONS\u001b[39m \u001b[34m/api/v1/auth/verify\u001b[39m \u001b[33m2021-11-23 16:39:8\u001b[39m","service":"user-service"}
{"level":"info","message":"\u001b[32mGET\u001b[39m \u001b[34m/api/v1/auth/verify\u001b[39m \u001b[33m2021-11-23 16:39:8\u001b[39m","service":"user-service"}
{"level":"info","message":"\u001b[32mGET\u001b[39m \u001b[34m/api/v1/campaigns/search?\u001b[39m \u001b[33m2021-11-23 19:51:26\u001b[39m","service":"user-service"}
{"level":"info","message":"\u001b[32mGET\u001b[39m \u001b[34m/api/v1/campaigns/search?\u001b[39m \u001b[33m2021-11-23 19:51:36\u001b[39m","service":"user-service"}
{"level":"info","message":"\u001b[32mOPTIONS\u001b[39m \u001b[34m/api/v1/auth/verify\u001b[39m \u001b[33m2021-11-23 19:51:39\u001b[39m","service":"user-service"}
{"level":"info","message":"\u001b[32mGET\u001b[39m \u001b[34m/api/v1/auth/verify\u001b[39m \u001b[33m2021-11-23 19:51:39\u001b[39m","service":"user-service"}
{"level":"info","message":"\u001b[32mGET\u001b[39m \u001b[34m/api/v1/campaigns/search?\u001b[39m \u001b[33m2021-11-23 19:52:3\u001b[39m","service":"user-service"}
{"level":"info","message":"\u001b[32mOPTIONS\u001b[39m \u001b[34m/api/v1/auth/verify\u001b[39m \u001b[33m2021-11-23 19:52:6\u001b[39m","service":"user-service"}
{"level":"info","message":"\u001b[32mGET\u001b[39m \u001b[34m/api/v1/auth/verify\u001b[39m \u001b[33m2021-11-23 19:52:6\u001b[39m","service":"user-service"}
{"level":"info","message":"\u001b[32mGET\u001b[39m \u001b[34m/api/v1/campaigns/search?\u001b[39m \u001b[33m2021-11-23 19:52:38\u001b[39m","service":"user-service"}
{"level":"info","message":"\u001b[32mOPTIONS\u001b[39m \u001b[34m/api/v1/auth/verify\u001b[39m \u001b[33m2021-11-23 19:52:41\u001b[39m","service":"user-service"}
{"level":"info","message":"\u001b[32mGET\u001b[39m \u001b[34m/api/v1/auth/verify\u001b[39m \u001b[33m2021-11-23 19:52:41\u001b[39m","service":"user-service"}
{"level":"info","message":"\u001b[32mGET\u001b[39m \u001b[34m/api/v1/campaigns/search?\u001b[39m \u001b[33m2021-11-23 19:54:1\u001b[39m","service":"user-service"}
{"level":"info","message":"\u001b[32mGET\u001b[39m \u001b[34m/api/v1/campaigns/search?\u001b[39m \u001b[33m2021-11-23 20:54:47\u001b[39m","service":"user-service"}
{"level":"info","message":"\u001b[32mGET\u001b[39m \u001b[34m/api/v1/campaigns/search?\u001b[39m \u001b[33m2021-11-23 21:1:39\u001b[39m","service":"user-service"}
{"level":"info","message":"\u001b[32mOPTIONS\u001b[39m \u001b[34m/api/v1/campaigns/search?\u001b[39m \u001b[33m2021-11-23 22:36:40\u001b[39m","service":"user-service"}
{"level":"info","message":"\u001b[32mGET\u001b[39m \u001b[34m/api/v1/campaigns/search?\u001b[39m \u001b[33m2021-11-23 22:36:40\u001b[39m","service":"user-service"}
{"level":"info","message":"\u001b[32mOPTIONS\u001b[39m \u001b[34m/api/v1/campaigns/search?\u001b[39m \u001b[33m2021-11-23 22:36:51\u001b[39m","service":"user-service"}
{"level":"info","message":"\u001b[32mGET\u001b[39m \u001b[34m/api/v1/campaigns/search?\u001b[39m \u001b[33m2021-11-23 22:36:51\u001b[39m","service":"user-service"}
{"level":"info","message":"\u001b[32mOPTIONS\u001b[39m \u001b[34m/api/v1/campaigns/search?\u001b[39m \u001b[33m2021-11-23 22:37:2\u001b[39m","service":"user-service"}
{"level":"info","message":"\u001b[32mGET\u001b[39m \u001b[34m/api/v1/campaigns/search?\u001b[39m \u001b[33m2021-11-23 22:37:2\u001b[39m","service":"user-service"}
{"level":"info","message":"\u001b[32mGET\u001b[39m \u001b[34m/api/v1/campaigns/search?\u001b[39m \u001b[33m2021-11-23 22:37:4\u001b[39m","service":"user-service"}
{"level":"info","message":"\u001b[32mOPTIONS\u001b[39m \u001b[34m/api/v1/campaigns/search?\u001b[39m \u001b[33m2021-11-23 22:38:16\u001b[39m","service":"user-service"}
{"level":"info","message":"\u001b[32mGET\u001b[39m \u001b[34m/api/v1/campaigns/search?\u001b[39m \u001b[33m2021-11-23 22:38:16\u001b[39m","service":"user-service"}
{"level":"info","message":"\u001b[32mOPTIONS\u001b[39m \u001b[34m/api/v1/campaigns/search?\u001b[39m \u001b[33m2021-11-23 22:38:31\u001b[39m","service":"user-service"}
{"level":"info","message":"\u001b[32mGET\u001b[39m \u001b[34m/api/v1/campaigns/search?\u001b[39m \u001b[33m2021-11-23 22:38:31\u001b[39m","service":"user-service"}
{"level":"info","message":"\u001b[32mOPTIONS\u001b[39m \u001b[34m/api/v1/campaigns/search?\u001b[39m \u001b[33m2021-11-23 22:38:40\u001b[39m","service":"user-service"}
{"level":"info","message":"\u001b[32mGET\u001b[39m \u001b[34m/api/v1/campaigns/search?\u001b[39m \u001b[33m2021-11-23 22:38:40\u001b[39m","service":"user-service"}
{"level":"info","message":"\u001b[32mOPTIONS\u001b[39m \u001b[34m/api/v1/campaigns/search?\u001b[39m \u001b[33m2021-11-23 22:38:48\u001b[39m","service":"user-service"}
{"level":"info","message":"\u001b[32mGET\u001b[39m \u001b[34m/api/v1/campaigns/search?\u001b[39m \u001b[33m2021-11-23 22:38:48\u001b[39m","service":"user-service"}
{"level":"info","message":"\u001b[32mGET\u001b[39m \u001b[34m/api/v1/campaigns/search?\u001b[39m \u001b[33m2021-11-23 22:38:51\u001b[39m","service":"user-service"}
{"level":"info","message":"\u001b[32mOPTIONS\u001b[39m \u001b[34m/api/v1/campaigns/search?\u001b[39m \u001b[33m2021-11-23 22:39:0\u001b[39m","service":"user-service"}
{"level":"info","message":"\u001b[32mGET\u001b[39m \u001b[34m/api/v1/campaigns/search?\u001b[39m \u001b[33m2021-11-23 22:39:0\u001b[39m","service":"user-service"}
{"level":"info","message":"\u001b[32mOPTIONS\u001b[39m \u001b[34m/api/v1/campaigns/search?\u001b[39m \u001b[33m2021-11-23 22:39:34\u001b[39m","service":"user-service"}
{"level":"info","message":"\u001b[32mGET\u001b[39m \u001b[34m/api/v1/campaigns/search?\u001b[39m \u001b[33m2021-11-23 22:39:34\u001b[39m","service":"user-service"}
{"level":"info","message":"\u001b[32mOPTIONS\u001b[39m \u001b[34m/api/v1/campaigns/search?\u001b[39m \u001b[33m2021-11-23 22:49:27\u001b[39m","service":"user-service"}
{"level":"info","message":"\u001b[32mGET\u001b[39m \u001b[34m/api/v1/campaigns/search?\u001b[39m \u001b[33m2021-11-23 22:49:27\u001b[39m","service":"user-service"}
{"level":"info","message":"\u001b[32mOPTIONS\u001b[39m \u001b[34m/api/v1/auth/google\u001b[39m \u001b[33m2021-11-23 22:53:11\u001b[39m","service":"user-service"}
{"level":"info","message":"\u001b[32mOPTIONS\u001b[39m \u001b[34m/api/v1/auth/google\u001b[39m \u001b[33m2021-11-23 22:53:11\u001b[39m","service":"user-service"}
{"level":"info","message":"\u001b[32mOPTIONS\u001b[39m \u001b[34m/api/v1/auth/google\u001b[39m \u001b[33m2021-11-23 22:53:11\u001b[39m","service":"user-service"}
{"level":"info","message":"\u001b[32mOPTIONS\u001b[39m \u001b[34m/api/v1/auth/google\u001b[39m \u001b[33m2021-11-23 22:53:11\u001b[39m","service":"user-service"}
{"level":"info","message":"\u001b[32mOPTIONS\u001b[39m \u001b[34m/api/v1/auth/google\u001b[39m \u001b[33m2021-11-23 22:53:11\u001b[39m","service":"user-service"}
{"level":"info","message":"\u001b[32mOPTIONS\u001b[39m \u001b[34m/api/v1/auth/google\u001b[39m \u001b[33m2021-11-23 22:53:11\u001b[39m","service":"user-service"}
{"level":"info","message":"\u001b[32mOPTIONS\u001b[39m \u001b[34m/api/v1/auth/google\u001b[39m \u001b[33m2021-11-23 22:53:11\u001b[39m","service":"user-service"}
{"level":"info","message":"\u001b[32mPOST\u001b[39m \u001b[34m/api/v1/auth/google\u001b[39m \u001b[33m2021-11-23 22:53:11\u001b[39m","service":"user-service"}
{"level":"info","message":"\u001b[32mPOST\u001b[39m \u001b[34m/api/v1/auth/google\u001b[39m \u001b[33m2021-11-23 22:53:12\u001b[39m","service":"user-service"}
{"level":"info","message":"\u001b[32mPOST\u001b[39m \u001b[34m/api/v1/auth/google\u001b[39m \u001b[33m2021-11-23 22:53:12\u001b[39m","service":"user-service"}
{"level":"info","message":"\u001b[32mPOST\u001b[39m \u001b[34m/api/v1/auth/google\u001b[39m \u001b[33m2021-11-23 22:53:12\u001b[39m","service":"user-service"}
{"level":"info","message":"\u001b[32mOPTIONS\u001b[39m \u001b[34m/api/v1/auth/google\u001b[39m \u001b[33m2021-11-23 22:53:12\u001b[39m","service":"user-service"}
{"level":"info","message":"\u001b[32mPOST\u001b[39m \u001b[34m/api/v1/auth/google\u001b[39m \u001b[33m2021-11-23 22:53:12\u001b[39m","service":"user-service"}
{"level":"info","message":"\u001b[32mPOST\u001b[39m \u001b[34m/api/v1/auth/google\u001b[39m \u001b[33m2021-11-23 22:53:12\u001b[39m","service":"user-service"}
{"level":"info","message":"\u001b[32mPOST\u001b[39m \u001b[34m/api/v1/auth/google\u001b[39m \u001b[33m2021-11-23 22:53:12\u001b[39m","service":"user-service"}
{"level":"info","message":"\u001b[32mPOST\u001b[39m \u001b[34m/api/v1/auth/google\u001b[39m \u001b[33m2021-11-23 22:53:13\u001b[39m","service":"user-service"}
{"level":"info","message":"\u001b[32mGET\u001b[39m \u001b[34m/api/v1/campaigns/search?\u001b[39m \u001b[33m2021-11-23 22:53:13\u001b[39m","service":"user-service"}
{"level":"info","message":"\u001b[32mGET\u001b[39m \u001b[34m/api/v1/campaigns/search?\u001b[39m \u001b[33m2021-11-23 22:53:15\u001b[39m","service":"user-service"}
{"level":"info","message":"\u001b[32mGET\u001b[39m \u001b[34m/api/v1/campaigns/search?\u001b[39m \u001b[33m2021-11-23 22:53:16\u001b[39m","service":"user-service"}
{"level":"info","message":"\u001b[32mGET\u001b[39m \u001b[34m/api/v1/campaigns/search?\u001b[39m \u001b[33m2021-11-23 22:53:17\u001b[39m","service":"user-service"}
{"level":"info","message":"\u001b[32mGET\u001b[39m \u001b[34m/api/v1/campaigns/search?\u001b[39m \u001b[33m2021-11-23 22:53:18\u001b[39m","service":"user-service"}
{"level":"info","message":"\u001b[32mGET\u001b[39m \u001b[34m/api/v1/campaigns/search?\u001b[39m \u001b[33m2021-11-23 22:53:19\u001b[39m","service":"user-service"}
{"level":"info","message":"\u001b[32mGET\u001b[39m \u001b[34m/api/v1/campaigns/search?\u001b[39m \u001b[33m2021-11-23 22:53:20\u001b[39m","service":"user-service"}
{"level":"info","message":"\u001b[32mGET\u001b[39m \u001b[34m/api/v1/campaigns/search?\u001b[39m \u001b[33m2021-11-23 22:53:21\u001b[39m","service":"user-service"}
{"level":"info","message":"\u001b[32mGET\u001b[39m \u001b[34m/api/v1/campaigns/search?\u001b[39m \u001b[33m2021-11-23 22:53:23\u001b[39m","service":"user-service"}
{"level":"info","message":"\u001b[32mGET\u001b[39m \u001b[34m/api/v1/campaigns/search?\u001b[39m \u001b[33m2021-11-23 22:53:24\u001b[39m","service":"user-service"}
{"level":"info","message":"\u001b[32mGET\u001b[39m \u001b[34m/api/v1/campaigns/search?\u001b[39m \u001b[33m2021-11-23 22:53:25\u001b[39m","service":"user-service"}
{"level":"info","message":"\u001b[32mGET\u001b[39m \u001b[34m/api/v1/campaigns/search?\u001b[39m \u001b[33m2021-11-23 22:53:26\u001b[39m","service":"user-service"}
{"level":"info","message":"\u001b[32mGET\u001b[39m \u001b[34m/api/v1/campaigns/search?\u001b[39m \u001b[33m2021-11-23 22:53:27\u001b[39m","service":"user-service"}
{"level":"info","message":"\u001b[32mGET\u001b[39m \u001b[34m/api/v1/campaigns/search?\u001b[39m \u001b[33m2021-11-23 22:53:28\u001b[39m","service":"user-service"}
{"level":"info","message":"\u001b[32mGET\u001b[39m \u001b[34m/api/v1/campaigns/search?\u001b[39m \u001b[33m2021-11-23 22:53:29\u001b[39m","service":"user-service"}
{"level":"info","message":"\u001b[32mGET\u001b[39m \u001b[34m/api/v1/campaigns/search?\u001b[39m \u001b[33m2021-11-23 22:53:33\u001b[39m","service":"user-service"}
{"level":"info","message":"\u001b[32mOPTIONS\u001b[39m \u001b[34m/api/v1/auth/verify\u001b[39m \u001b[33m2021-11-23 22:53:36\u001b[39m","service":"user-service"}
{"level":"info","message":"\u001b[32mGET\u001b[39m \u001b[34m/api/v1/auth/verify\u001b[39m \u001b[33m2021-11-23 22:53:36\u001b[39m","service":"user-service"}
{"level":"info","message":"\u001b[32mGET\u001b[39m \u001b[34m/api/v1/campaigns/search?\u001b[39m \u001b[33m2021-11-23 22:53:59\u001b[39m","service":"user-service"}
{"level":"info","message":"\u001b[32mOPTIONS\u001b[39m \u001b[34m/api/v1/auth/verify\u001b[39m \u001b[33m2021-11-23 22:54:3\u001b[39m","service":"user-service"}
{"level":"info","message":"\u001b[32mGET\u001b[39m \u001b[34m/api/v1/auth/verify\u001b[39m \u001b[33m2021-11-23 22:54:3\u001b[39m","service":"user-service"}
{"level":"info","message":"\u001b[32mOPTIONS\u001b[39m \u001b[34m/api/v1/auth/verify\u001b[39m \u001b[33m2021-11-23 22:54:28\u001b[39m","service":"user-service"}
{"level":"info","message":"\u001b[32mGET\u001b[39m \u001b[34m/api/v1/auth/verify\u001b[39m \u001b[33m2021-11-23 22:54:28\u001b[39m","service":"user-service"}
{"level":"info","message":"\u001b[32mGET\u001b[39m \u001b[34m/api/v1/campaigns/search?\u001b[39m \u001b[33m2021-11-24 13:29:46\u001b[39m","service":"user-service"}
{"level":"info","message":"\u001b[32mOPTIONS\u001b[39m \u001b[34m/api/v1/auth/verify\u001b[39m \u001b[33m2021-11-24 13:29:49\u001b[39m","service":"user-service"}
{"level":"info","message":"\u001b[32mGET\u001b[39m \u001b[34m/api/v1/auth/verify\u001b[39m \u001b[33m2021-11-24 13:29:49\u001b[39m","service":"user-service"}
{"level":"info","message":"\u001b[32mOPTIONS\u001b[39m \u001b[34m/api/v1/auth/verify\u001b[39m \u001b[33m2021-11-24 13:30:5\u001b[39m","service":"user-service"}
{"level":"info","message":"\u001b[32mGET\u001b[39m \u001b[34m/api/v1/auth/verify\u001b[39m \u001b[33m2021-11-24 13:30:5\u001b[39m","service":"user-service"}
{"level":"info","message":"\u001b[32mGET\u001b[39m \u001b[34m/api/v1/campaigns/search?\u001b[39m \u001b[33m2021-11-24 13:32:7\u001b[39m","service":"user-service"}
{"level":"info","message":"\u001b[32mGET\u001b[39m \u001b[34m/api/v1/campaigns/search?\u001b[39m \u001b[33m2021-11-24 13:45:0\u001b[39m","service":"user-service"}
{"level":"info","message":"\u001b[32mOPTIONS\u001b[39m \u001b[34m/api/v1/auth/login\u001b[39m \u001b[33m2021-11-24 13:45:26\u001b[39m","service":"user-service"}
{"level":"info","message":"\u001b[32mPOST\u001b[39m \u001b[34m/api/v1/auth/login\u001b[39m \u001b[33m2021-11-24 13:45:26\u001b[39m","service":"user-service"}
{"level":"info","message":"\u001b[32mGET\u001b[39m \u001b[34m/api/v1/campaigns/search?\u001b[39m \u001b[33m2021-11-24 13:45:27\u001b[39m","service":"user-service"}
{"level":"info","message":"\u001b[32mGET\u001b[39m \u001b[34m/api/v1/campaigns/search?\u001b[39m \u001b[33m2021-11-24 13:45:28\u001b[39m","service":"user-service"}
{"level":"info","message":"\u001b[32mOPTIONS\u001b[39m \u001b[34m/api/v1/auth/verify\u001b[39m \u001b[33m2021-11-24 13:45:35\u001b[39m","service":"user-service"}
{"level":"info","message":"\u001b[32mGET\u001b[39m \u001b[34m/api/v1/auth/verify\u001b[39m \u001b[33m2021-11-24 13:45:35\u001b[39m","service":"user-service"}
{"level":"info","message":"\u001b[32mGET\u001b[39m \u001b[34m/api/v1/campaigns/search?\u001b[39m \u001b[33m2021-11-24 13:46:16\u001b[39m","service":"user-service"}
{"level":"info","message":"\u001b[32mGET\u001b[39m \u001b[34m/api/v1/campaigns/search?\u001b[39m \u001b[33m2021-11-24 13:46:45\u001b[39m","service":"user-service"}
{"level":"info","message":"\u001b[32mOPTIONS\u001b[39m \u001b[34m/api/v1/auth/login\u001b[39m \u001b[33m2021-11-24 13:50:54\u001b[39m","service":"user-service"}
{"level":"info","message":"\u001b[32mPOST\u001b[39m \u001b[34m/api/v1/auth/login\u001b[39m \u001b[33m2021-11-24 13:50:54\u001b[39m","service":"user-service"}
{"level":"info","message":"\u001b[32mGET\u001b[39m \u001b[34m/api/v1/campaigns/search?\u001b[39m \u001b[33m2021-11-24 13:50:55\u001b[39m","service":"user-service"}
{"level":"info","message":"\u001b[32mGET\u001b[39m \u001b[34m/api/v1/campaigns/search?\u001b[39m \u001b[33m2021-11-24 13:50:56\u001b[39m","service":"user-service"}
{"level":"info","message":"\u001b[32mOPTIONS\u001b[39m \u001b[34m/api/v1/auth/verify\u001b[39m \u001b[33m2021-11-24 13:51:4\u001b[39m","service":"user-service"}
{"level":"info","message":"\u001b[32mGET\u001b[39m \u001b[34m/api/v1/auth/verify\u001b[39m \u001b[33m2021-11-24 13:51:4\u001b[39m","service":"user-service"}
{"level":"info","message":"\u001b[32mOPTIONS\u001b[39m \u001b[34m/api/v1/auth/verify\u001b[39m \u001b[33m2021-11-24 13:52:13\u001b[39m","service":"user-service"}
{"level":"info","message":"\u001b[32mGET\u001b[39m \u001b[34m/api/v1/auth/verify\u001b[39m \u001b[33m2021-11-24 13:52:13\u001b[39m","service":"user-service"}
{"level":"info","message":"\u001b[32mOPTIONS\u001b[39m \u001b[34m/api/v1/auth/verify\u001b[39m \u001b[33m2021-11-24 13:53:18\u001b[39m","service":"user-service"}
{"level":"info","message":"\u001b[32mGET\u001b[39m \u001b[34m/api/v1/auth/verify\u001b[39m \u001b[33m2021-11-24 13:53:18\u001b[39m","service":"user-service"}
{"level":"info","message":"\u001b[32mOPTIONS\u001b[39m \u001b[34m/api/v1/auth/verify\u001b[39m \u001b[33m2021-11-24 13:57:46\u001b[39m","service":"user-service"}
{"level":"info","message":"\u001b[32mGET\u001b[39m \u001b[34m/api/v1/auth/verify\u001b[39m \u001b[33m2021-11-24 13:57:46\u001b[39m","service":"user-service"}
{"level":"info","message":"\u001b[32mOPTIONS\u001b[39m \u001b[34m/api/v1/auth/verify\u001b[39m \u001b[33m2021-11-24 14:1:8\u001b[39m","service":"user-service"}
{"level":"info","message":"\u001b[32mGET\u001b[39m \u001b[34m/api/v1/auth/verify\u001b[39m \u001b[33m2021-11-24 14:1:8\u001b[39m","service":"user-service"}
{"level":"info","message":"\u001b[32mOPTIONS\u001b[39m \u001b[34m/api/v1/auth/verify\u001b[39m \u001b[33m2021-11-24 14:10:18\u001b[39m","service":"user-service"}
{"level":"info","message":"\u001b[32mGET\u001b[39m \u001b[34m/api/v1/auth/verify\u001b[39m \u001b[33m2021-11-24 14:10:18\u001b[39m","service":"user-service"}
{"level":"info","message":"\u001b[32mOPTIONS\u001b[39m \u001b[34m/api/v1/auth/verify\u001b[39m \u001b[33m2021-11-24 14:11:22\u001b[39m","service":"user-service"}
{"level":"info","message":"\u001b[32mGET\u001b[39m \u001b[34m/api/v1/auth/verify\u001b[39m \u001b[33m2021-11-24 14:11:22\u001b[39m","service":"user-service"}
{"level":"info","message":"\u001b[32mOPTIONS\u001b[39m \u001b[34m/api/v1/auth/verify\u001b[39m \u001b[33m2021-11-24 14:21:53\u001b[39m","service":"user-service"}
{"level":"info","message":"\u001b[32mGET\u001b[39m \u001b[34m/api/v1/auth/verify\u001b[39m \u001b[33m2021-11-24 14:21:53\u001b[39m","service":"user-service"}
{"level":"info","message":"\u001b[32mOPTIONS\u001b[39m \u001b[34m/api/v1/auth/verify\u001b[39m \u001b[33m2021-11-24 14:23:15\u001b[39m","service":"user-service"}
{"level":"info","message":"\u001b[32mGET\u001b[39m \u001b[34m/api/v1/auth/verify\u001b[39m \u001b[33m2021-11-24 14:23:15\u001b[39m","service":"user-service"}
{"level":"info","message":"\u001b[32mGET\u001b[39m \u001b[34m/api/v1/auth/verify\u001b[39m \u001b[33m2021-11-24 14:23:20\u001b[39m","service":"user-service"}
{"level":"info","message":"\u001b[32mOPTIONS\u001b[39m \u001b[34m/api/v1/auth/verify\u001b[39m \u001b[33m2021-11-24 14:23:46\u001b[39m","service":"user-service"}
{"level":"info","message":"\u001b[32mGET\u001b[39m \u001b[34m/api/v1/auth/verify\u001b[39m \u001b[33m2021-11-24 14:23:46\u001b[39m","service":"user-service"}
{"level":"info","message":"\u001b[32mOPTIONS\u001b[39m \u001b[34m/api/v1/auth/verify\u001b[39m \u001b[33m2021-11-24 14:24:21\u001b[39m","service":"user-service"}
{"level":"info","message":"\u001b[32mGET\u001b[39m \u001b[34m/api/v1/auth/verify\u001b[39m \u001b[33m2021-11-24 14:24:21\u001b[39m","service":"user-service"}
{"level":"info","message":"\u001b[32mOPTIONS\u001b[39m \u001b[34m/api/v1/auth/verify\u001b[39m \u001b[33m2021-11-24 14:25:55\u001b[39m","service":"user-service"}
{"level":"info","message":"\u001b[32mGET\u001b[39m \u001b[34m/api/v1/auth/verify\u001b[39m \u001b[33m2021-11-24 14:25:55\u001b[39m","service":"user-service"}
{"level":"info","message":"\u001b[32mOPTIONS\u001b[39m \u001b[34m/api/v1/auth/verify\u001b[39m \u001b[33m2021-11-24 14:27:17\u001b[39m","service":"user-service"}
{"level":"info","message":"\u001b[32mGET\u001b[39m \u001b[34m/api/v1/auth/verify\u001b[39m \u001b[33m2021-11-24 14:27:17\u001b[39m","service":"user-service"}
{"level":"info","message":"\u001b[32mOPTIONS\u001b[39m \u001b[34m/api/v1/auth/verify\u001b[39m \u001b[33m2021-11-24 14:27:46\u001b[39m","service":"user-service"}
{"level":"info","message":"\u001b[32mGET\u001b[39m \u001b[34m/api/v1/auth/verify\u001b[39m \u001b[33m2021-11-24 14:27:46\u001b[39m","service":"user-service"}
{"level":"info","message":"\u001b[32mOPTIONS\u001b[39m \u001b[34m/api/v1/auth/verify\u001b[39m \u001b[33m2021-11-24 14:29:9\u001b[39m","service":"user-service"}
{"level":"info","message":"\u001b[32mGET\u001b[39m \u001b[34m/api/v1/auth/verify\u001b[39m \u001b[33m2021-11-24 14:29:9\u001b[39m","service":"user-service"}
{"level":"info","message":"\u001b[32mOPTIONS\u001b[39m \u001b[34m/api/v1/auth/verify\u001b[39m \u001b[33m2021-11-24 14:29:52\u001b[39m","service":"user-service"}
{"level":"info","message":"\u001b[32mGET\u001b[39m \u001b[34m/api/v1/auth/verify\u001b[39m \u001b[33m2021-11-24 14:29:52\u001b[39m","service":"user-service"}
{"level":"info","message":"\u001b[32mOPTIONS\u001b[39m \u001b[34m/api/v1/auth/verify\u001b[39m \u001b[33m2021-11-24 14:33:8\u001b[39m","service":"user-service"}
{"level":"info","message":"\u001b[32mGET\u001b[39m \u001b[34m/api/v1/auth/verify\u001b[39m \u001b[33m2021-11-24 14:33:8\u001b[39m","service":"user-service"}
{"level":"info","message":"\u001b[32mOPTIONS\u001b[39m \u001b[34m/api/v1/auth/verify\u001b[39m \u001b[33m2021-11-24 14:33:36\u001b[39m","service":"user-service"}
{"level":"info","message":"\u001b[32mGET\u001b[39m \u001b[34m/api/v1/auth/verify\u001b[39m \u001b[33m2021-11-24 14:33:36\u001b[39m","service":"user-service"}
{"level":"info","message":"\u001b[32mOPTIONS\u001b[39m \u001b[34m/api/v1/auth/verify\u001b[39m \u001b[33m2021-11-24 14:34:10\u001b[39m","service":"user-service"}
{"level":"info","message":"\u001b[32mGET\u001b[39m \u001b[34m/api/v1/auth/verify\u001b[39m \u001b[33m2021-11-24 14:34:10\u001b[39m","service":"user-service"}
{"level":"info","message":"\u001b[32mOPTIONS\u001b[39m \u001b[34m/api/v1/auth/verify\u001b[39m \u001b[33m2021-11-24 14:35:7\u001b[39m","service":"user-service"}
{"level":"info","message":"\u001b[32mGET\u001b[39m \u001b[34m/api/v1/auth/verify\u001b[39m \u001b[33m2021-11-24 14:35:7\u001b[39m","service":"user-service"}
{"level":"info","message":"\u001b[32mOPTIONS\u001b[39m \u001b[34m/api/v1/auth/verify\u001b[39m \u001b[33m2021-11-24 14:35:36\u001b[39m","service":"user-service"}
{"level":"info","message":"\u001b[32mGET\u001b[39m \u001b[34m/api/v1/auth/verify\u001b[39m \u001b[33m2021-11-24 14:35:36\u001b[39m","service":"user-service"}
{"level":"info","message":"\u001b[32mOPTIONS\u001b[39m \u001b[34m/api/v1/auth/verify\u001b[39m \u001b[33m2021-11-24 14:37:42\u001b[39m","service":"user-service"}
{"level":"info","message":"\u001b[32mGET\u001b[39m \u001b[34m/api/v1/auth/verify\u001b[39m \u001b[33m2021-11-24 14:37:42\u001b[39m","service":"user-service"}
{"level":"info","message":"\u001b[32mOPTIONS\u001b[39m \u001b[34m/api/v1/auth/verify\u001b[39m \u001b[33m2021-11-24 14:38:47\u001b[39m","service":"user-service"}
{"level":"info","message":"\u001b[32mGET\u001b[39m \u001b[34m/api/v1/auth/verify\u001b[39m \u001b[33m2021-11-24 14:38:47\u001b[39m","service":"user-service"}
{"level":"info","message":"\u001b[32mOPTIONS\u001b[39m \u001b[34m/api/v1/auth/verify\u001b[39m \u001b[33m2021-11-24 14:39:19\u001b[39m","service":"user-service"}
{"level":"info","message":"\u001b[32mGET\u001b[39m \u001b[34m/api/v1/auth/verify\u001b[39m \u001b[33m2021-11-24 14:39:19\u001b[39m","service":"user-service"}
{"level":"info","message":"\u001b[32mOPTIONS\u001b[39m \u001b[34m/api/v1/auth/verify\u001b[39m \u001b[33m2021-11-24 14:39:58\u001b[39m","service":"user-service"}
{"level":"info","message":"\u001b[32mGET\u001b[39m \u001b[34m/api/v1/auth/verify\u001b[39m \u001b[33m2021-11-24 14:39:58\u001b[39m","service":"user-service"}
{"level":"info","message":"\u001b[32mOPTIONS\u001b[39m \u001b[34m/api/v1/auth/verify\u001b[39m \u001b[33m2021-11-24 14:42:13\u001b[39m","service":"user-service"}
{"level":"info","message":"\u001b[32mGET\u001b[39m \u001b[34m/api/v1/auth/verify\u001b[39m \u001b[33m2021-11-24 14:42:13\u001b[39m","service":"user-service"}
{"level":"info","message":"\u001b[32mOPTIONS\u001b[39m \u001b[34m/api/v1/auth/verify\u001b[39m \u001b[33m2021-11-24 14:42:30\u001b[39m","service":"user-service"}
{"level":"info","message":"\u001b[32mGET\u001b[39m \u001b[34m/api/v1/auth/verify\u001b[39m \u001b[33m2021-11-24 14:42:30\u001b[39m","service":"user-service"}
{"level":"info","message":"\u001b[32mOPTIONS\u001b[39m \u001b[34m/api/v1/auth/verify\u001b[39m \u001b[33m2021-11-24 14:42:53\u001b[39m","service":"user-service"}
{"level":"info","message":"\u001b[32mGET\u001b[39m \u001b[34m/api/v1/auth/verify\u001b[39m \u001b[33m2021-11-24 14:42:53\u001b[39m","service":"user-service"}
{"level":"info","message":"\u001b[32mOPTIONS\u001b[39m \u001b[34m/api/v1/auth/verify\u001b[39m \u001b[33m2021-11-24 14:43:49\u001b[39m","service":"user-service"}
{"level":"info","message":"\u001b[32mGET\u001b[39m \u001b[34m/api/v1/auth/verify\u001b[39m \u001b[33m2021-11-24 14:43:49\u001b[39m","service":"user-service"}
{"level":"info","message":"\u001b[32mOPTIONS\u001b[39m \u001b[34m/api/v1/auth/verify\u001b[39m \u001b[33m2021-11-24 14:49:8\u001b[39m","service":"user-service"}
{"level":"info","message":"\u001b[32mGET\u001b[39m \u001b[34m/api/v1/auth/verify\u001b[39m \u001b[33m2021-11-24 14:49:8\u001b[39m","service":"user-service"}
{"level":"info","message":"\u001b[32mOPTIONS\u001b[39m \u001b[34m/api/v1/auth/verify\u001b[39m \u001b[33m2021-11-24 14:49:32\u001b[39m","service":"user-service"}
{"level":"info","message":"\u001b[32mGET\u001b[39m \u001b[34m/api/v1/auth/verify\u001b[39m \u001b[33m2021-11-24 14:49:32\u001b[39m","service":"user-service"}
{"level":"info","message":"\u001b[32mOPTIONS\u001b[39m \u001b[34m/api/v1/auth/verify\u001b[39m \u001b[33m2021-11-24 14:53:3\u001b[39m","service":"user-service"}
{"level":"info","message":"\u001b[32mGET\u001b[39m \u001b[34m/api/v1/auth/verify\u001b[39m \u001b[33m2021-11-24 14:53:3\u001b[39m","service":"user-service"}
{"level":"info","message":"\u001b[32mOPTIONS\u001b[39m \u001b[34m/api/v1/auth/verify\u001b[39m \u001b[33m2021-11-24 14:53:20\u001b[39m","service":"user-service"}
{"level":"info","message":"\u001b[32mGET\u001b[39m \u001b[34m/api/v1/auth/verify\u001b[39m \u001b[33m2021-11-24 14:53:20\u001b[39m","service":"user-service"}
{"level":"info","message":"\u001b[32mOPTIONS\u001b[39m \u001b[34m/api/v1/auth/verify\u001b[39m \u001b[33m2021-11-24 14:53:47\u001b[39m","service":"user-service"}
{"level":"info","message":"\u001b[32mGET\u001b[39m \u001b[34m/api/v1/auth/verify\u001b[39m \u001b[33m2021-11-24 14:53:47\u001b[39m","service":"user-service"}
{"level":"info","message":"\u001b[32mOPTIONS\u001b[39m \u001b[34m/api/v1/auth/verify\u001b[39m \u001b[33m2021-11-24 15:2:0\u001b[39m","service":"user-service"}
{"level":"info","message":"\u001b[32mGET\u001b[39m \u001b[34m/api/v1/auth/verify\u001b[39m \u001b[33m2021-11-24 15:2:0\u001b[39m","service":"user-service"}
{"level":"info","message":"\u001b[32mOPTIONS\u001b[39m \u001b[34m/api/v1/auth/verify\u001b[39m \u001b[33m2021-11-24 15:6:44\u001b[39m","service":"user-service"}
{"level":"info","message":"\u001b[32mGET\u001b[39m \u001b[34m/api/v1/auth/verify\u001b[39m \u001b[33m2021-11-24 15:6:44\u001b[39m","service":"user-service"}
{"level":"info","message":"\u001b[32mOPTIONS\u001b[39m \u001b[34m/api/v1/auth/verify\u001b[39m \u001b[33m2021-11-24 15:7:24\u001b[39m","service":"user-service"}
{"level":"info","message":"\u001b[32mGET\u001b[39m \u001b[34m/api/v1/auth/verify\u001b[39m \u001b[33m2021-11-24 15:7:24\u001b[39m","service":"user-service"}
{"level":"info","message":"\u001b[32mOPTIONS\u001b[39m \u001b[34m/api/v1/auth/verify\u001b[39m \u001b[33m2021-11-24 15:14:52\u001b[39m","service":"user-service"}
{"level":"info","message":"\u001b[32mGET\u001b[39m \u001b[34m/api/v1/auth/verify\u001b[39m \u001b[33m2021-11-24 15:14:52\u001b[39m","service":"user-service"}
{"level":"info","message":"\u001b[32mOPTIONS\u001b[39m \u001b[34m/api/v1/auth/verify\u001b[39m \u001b[33m2021-11-24 15:14:57\u001b[39m","service":"user-service"}
{"level":"info","message":"\u001b[32mGET\u001b[39m \u001b[34m/api/v1/auth/verify\u001b[39m \u001b[33m2021-11-24 15:14:57\u001b[39m","service":"user-service"}
{"level":"info","message":"\u001b[32mOPTIONS\u001b[39m \u001b[34m/api/v1/auth/verify\u001b[39m \u001b[33m2021-11-24 15:20:58\u001b[39m","service":"user-service"}
{"level":"info","message":"\u001b[32mGET\u001b[39m \u001b[34m/api/v1/auth/verify\u001b[39m \u001b[33m2021-11-24 15:20:58\u001b[39m","service":"user-service"}
{"level":"info","message":"\u001b[32mOPTIONS\u001b[39m \u001b[34m/api/v1/auth/verify\u001b[39m \u001b[33m2021-11-24 15:21:5\u001b[39m","service":"user-service"}
{"level":"info","message":"\u001b[32mGET\u001b[39m \u001b[34m/api/v1/auth/verify\u001b[39m \u001b[33m2021-11-24 15:21:5\u001b[39m","service":"user-service"}
{"level":"info","message":"\u001b[32mGET\u001b[39m \u001b[34m/api/v1/auth/verify\u001b[39m \u001b[33m2021-11-24 15:21:9\u001b[39m","service":"user-service"}
{"level":"info","message":"\u001b[32mOPTIONS\u001b[39m \u001b[34m/api/v1/auth/verify\u001b[39m \u001b[33m2021-11-24 15:21:36\u001b[39m","service":"user-service"}
{"level":"info","message":"\u001b[32mGET\u001b[39m \u001b[34m/api/v1/auth/verify\u001b[39m \u001b[33m2021-11-24 15:21:36\u001b[39m","service":"user-service"}
{"level":"info","message":"\u001b[32mOPTIONS\u001b[39m \u001b[34m/api/v1/auth/verify\u001b[39m \u001b[33m2021-11-24 15:22:43\u001b[39m","service":"user-service"}
{"level":"info","message":"\u001b[32mGET\u001b[39m \u001b[34m/api/v1/auth/verify\u001b[39m \u001b[33m2021-11-24 15:22:43\u001b[39m","service":"user-service"}
{"level":"info","message":"\u001b[32mOPTIONS\u001b[39m \u001b[34m/api/v1/auth/verify\u001b[39m \u001b[33m2021-11-24 15:22:51\u001b[39m","service":"user-service"}
{"level":"info","message":"\u001b[32mGET\u001b[39m \u001b[34m/api/v1/auth/verify\u001b[39m \u001b[33m2021-11-24 15:22:51\u001b[39m","service":"user-service"}
{"level":"info","message":"\u001b[32mOPTIONS\u001b[39m \u001b[34m/api/v1/auth/verify\u001b[39m \u001b[33m2021-11-24 15:23:16\u001b[39m","service":"user-service"}
{"level":"info","message":"\u001b[32mGET\u001b[39m \u001b[34m/api/v1/auth/verify\u001b[39m \u001b[33m2021-11-24 15:23:16\u001b[39m","service":"user-service"}
{"level":"info","message":"\u001b[32mOPTIONS\u001b[39m \u001b[34m/api/v1/auth/verify\u001b[39m \u001b[33m2021-11-24 15:23:56\u001b[39m","service":"user-service"}
{"level":"info","message":"\u001b[32mGET\u001b[39m \u001b[34m/api/v1/auth/verify\u001b[39m \u001b[33m2021-11-24 15:23:56\u001b[39m","service":"user-service"}
{"level":"info","message":"\u001b[32mOPTIONS\u001b[39m \u001b[34m/api/v1/auth/verify\u001b[39m \u001b[33m2021-11-24 15:24:9\u001b[39m","service":"user-service"}
{"level":"info","message":"\u001b[32mGET\u001b[39m \u001b[34m/api/v1/auth/verify\u001b[39m \u001b[33m2021-11-24 15:24:9\u001b[39m","service":"user-service"}
{"level":"info","message":"\u001b[32mOPTIONS\u001b[39m \u001b[34m/api/v1/auth/verify\u001b[39m \u001b[33m2021-11-24 15:24:17\u001b[39m","service":"user-service"}
{"level":"info","message":"\u001b[32mGET\u001b[39m \u001b[34m/api/v1/auth/verify\u001b[39m \u001b[33m2021-11-24 15:24:17\u001b[39m","service":"user-service"}
{"level":"info","message":"\u001b[32mOPTIONS\u001b[39m \u001b[34m/api/v1/auth/verify\u001b[39m \u001b[33m2021-11-24 15:25:14\u001b[39m","service":"user-service"}
{"level":"info","message":"\u001b[32mGET\u001b[39m \u001b[34m/api/v1/auth/verify\u001b[39m \u001b[33m2021-11-24 15:25:14\u001b[39m","service":"user-service"}
{"level":"info","message":"\u001b[32mOPTIONS\u001b[39m \u001b[34m/api/v1/auth/verify\u001b[39m \u001b[33m2021-11-24 15:27:6\u001b[39m","service":"user-service"}
{"level":"info","message":"\u001b[32mGET\u001b[39m \u001b[34m/api/v1/auth/verify\u001b[39m \u001b[33m2021-11-24 15:27:6\u001b[39m","service":"user-service"}
{"level":"info","message":"\u001b[32mOPTIONS\u001b[39m \u001b[34m/api/v1/auth/verify\u001b[39m \u001b[33m2021-11-24 15:28:6\u001b[39m","service":"user-service"}
{"level":"info","message":"\u001b[32mGET\u001b[39m \u001b[34m/api/v1/auth/verify\u001b[39m \u001b[33m2021-11-24 15:28:6\u001b[39m","service":"user-service"}
{"level":"info","message":"\u001b[32mOPTIONS\u001b[39m \u001b[34m/api/v1/auth/verify\u001b[39m \u001b[33m2021-11-24 15:29:38\u001b[39m","service":"user-service"}
{"level":"info","message":"\u001b[32mGET\u001b[39m \u001b[34m/api/v1/auth/verify\u001b[39m \u001b[33m2021-11-24 15:29:38\u001b[39m","service":"user-service"}
{"level":"info","message":"\u001b[32mOPTIONS\u001b[39m \u001b[34m/api/v1/auth/verify\u001b[39m \u001b[33m2021-11-24 15:30:1\u001b[39m","service":"user-service"}
{"level":"info","message":"\u001b[32mGET\u001b[39m \u001b[34m/api/v1/auth/verify\u001b[39m \u001b[33m2021-11-24 15:30:1\u001b[39m","service":"user-service"}
{"level":"info","message":"\u001b[32mOPTIONS\u001b[39m \u001b[34m/api/v1/auth/verify\u001b[39m \u001b[33m2021-11-24 15:30:29\u001b[39m","service":"user-service"}
{"level":"info","message":"\u001b[32mGET\u001b[39m \u001b[34m/api/v1/auth/verify\u001b[39m \u001b[33m2021-11-24 15:30:29\u001b[39m","service":"user-service"}
{"level":"info","message":"\u001b[32mOPTIONS\u001b[39m \u001b[34m/api/v1/auth/verify\u001b[39m \u001b[33m2021-11-24 15:30:52\u001b[39m","service":"user-service"}
{"level":"info","message":"\u001b[32mGET\u001b[39m \u001b[34m/api/v1/auth/verify\u001b[39m \u001b[33m2021-11-24 15:30:52\u001b[39m","service":"user-service"}
{"level":"info","message":"\u001b[32mOPTIONS\u001b[39m \u001b[34m/api/v1/auth/verify\u001b[39m \u001b[33m2021-11-24 15:32:37\u001b[39m","service":"user-service"}
{"level":"info","message":"\u001b[32mGET\u001b[39m \u001b[34m/api/v1/auth/verify\u001b[39m \u001b[33m2021-11-24 15:32:37\u001b[39m","service":"user-service"}
{"level":"info","message":"\u001b[32mOPTIONS\u001b[39m \u001b[34m/api/v1/auth/verify\u001b[39m \u001b[33m2021-11-24 15:33:11\u001b[39m","service":"user-service"}
{"level":"info","message":"\u001b[32mGET\u001b[39m \u001b[34m/api/v1/auth/verify\u001b[39m \u001b[33m2021-11-24 15:33:11\u001b[39m","service":"user-service"}
{"level":"info","message":"\u001b[32mOPTIONS\u001b[39m \u001b[34m/api/v1/auth/verify\u001b[39m \u001b[33m2021-11-24 15:33:26\u001b[39m","service":"user-service"}
{"level":"info","message":"\u001b[32mGET\u001b[39m \u001b[34m/api/v1/auth/verify\u001b[39m \u001b[33m2021-11-24 15:33:26\u001b[39m","service":"user-service"}
{"level":"info","message":"\u001b[32mOPTIONS\u001b[39m \u001b[34m/api/v1/auth/verify\u001b[39m \u001b[33m2021-11-24 15:34:30\u001b[39m","service":"user-service"}
{"level":"info","message":"\u001b[32mGET\u001b[39m \u001b[34m/api/v1/auth/verify\u001b[39m \u001b[33m2021-11-24 15:34:30\u001b[39m","service":"user-service"}
{"level":"info","message":"\u001b[32mOPTIONS\u001b[39m \u001b[34m/api/v1/auth/verify\u001b[39m \u001b[33m2021-11-24 15:34:48\u001b[39m","service":"user-service"}
{"level":"info","message":"\u001b[32mGET\u001b[39m \u001b[34m/api/v1/auth/verify\u001b[39m \u001b[33m2021-11-24 15:34:48\u001b[39m","service":"user-service"}
{"level":"info","message":"\u001b[32mOPTIONS\u001b[39m \u001b[34m/api/v1/auth/verify\u001b[39m \u001b[33m2021-11-24 15:35:47\u001b[39m","service":"user-service"}
{"level":"info","message":"\u001b[32mGET\u001b[39m \u001b[34m/api/v1/auth/verify\u001b[39m \u001b[33m2021-11-24 15:35:47\u001b[39m","service":"user-service"}
{"level":"info","message":"\u001b[32mOPTIONS\u001b[39m \u001b[34m/api/v1/auth/verify\u001b[39m \u001b[33m2021-11-24 15:36:42\u001b[39m","service":"user-service"}
{"level":"info","message":"\u001b[32mGET\u001b[39m \u001b[34m/api/v1/auth/verify\u001b[39m \u001b[33m2021-11-24 15:36:42\u001b[39m","service":"user-service"}
{"level":"info","message":"\u001b[32mOPTIONS\u001b[39m \u001b[34m/api/v1/auth/verify\u001b[39m \u001b[33m2021-11-24 15:40:37\u001b[39m","service":"user-service"}
{"level":"info","message":"\u001b[32mGET\u001b[39m \u001b[34m/api/v1/auth/verify\u001b[39m \u001b[33m2021-11-24 15:40:37\u001b[39m","service":"user-service"}
{"level":"info","message":"\u001b[32mOPTIONS\u001b[39m \u001b[34m/api/v1/auth/verify\u001b[39m \u001b[33m2021-11-24 15:42:54\u001b[39m","service":"user-service"}
{"level":"info","message":"\u001b[32mGET\u001b[39m \u001b[34m/api/v1/auth/verify\u001b[39m \u001b[33m2021-11-24 15:42:54\u001b[39m","service":"user-service"}
{"level":"info","message":"\u001b[32mOPTIONS\u001b[39m \u001b[34m/api/v1/auth/verify\u001b[39m \u001b[33m2021-11-24 15:43:11\u001b[39m","service":"user-service"}
{"level":"info","message":"\u001b[32mGET\u001b[39m \u001b[34m/api/v1/auth/verify\u001b[39m \u001b[33m2021-11-24 15:43:11\u001b[39m","service":"user-service"}
{"level":"info","message":"\u001b[32mOPTIONS\u001b[39m \u001b[34m/api/v1/auth/verify\u001b[39m \u001b[33m2021-11-24 15:43:40\u001b[39m","service":"user-service"}
{"level":"info","message":"\u001b[32mGET\u001b[39m \u001b[34m/api/v1/auth/verify\u001b[39m \u001b[33m2021-11-24 15:43:40\u001b[39m","service":"user-service"}
{"level":"info","message":"\u001b[32mOPTIONS\u001b[39m \u001b[34m/api/v1/auth/verify\u001b[39m \u001b[33m2021-11-24 15:55:7\u001b[39m","service":"user-service"}
{"level":"info","message":"\u001b[32mGET\u001b[39m \u001b[34m/api/v1/auth/verify\u001b[39m \u001b[33m2021-11-24 15:55:7\u001b[39m","service":"user-service"}
{"level":"info","message":"\u001b[32mOPTIONS\u001b[39m \u001b[34m/api/v1/auth/verify\u001b[39m \u001b[33m2021-11-24 15:55:36\u001b[39m","service":"user-service"}
{"level":"info","message":"\u001b[32mGET\u001b[39m \u001b[34m/api/v1/auth/verify\u001b[39m \u001b[33m2021-11-24 15:55:36\u001b[39m","service":"user-service"}
{"level":"info","message":"\u001b[32mOPTIONS\u001b[39m \u001b[34m/api/v1/auth/verify\u001b[39m \u001b[33m2021-11-24 16:2:16\u001b[39m","service":"user-service"}
{"level":"info","message":"\u001b[32mGET\u001b[39m \u001b[34m/api/v1/auth/verify\u001b[39m \u001b[33m2021-11-24 16:2:16\u001b[39m","service":"user-service"}
{"level":"info","message":"\u001b[32mOPTIONS\u001b[39m \u001b[34m/api/v1/auth/verify\u001b[39m \u001b[33m2021-11-24 16:7:41\u001b[39m","service":"user-service"}
{"level":"info","message":"\u001b[32mGET\u001b[39m \u001b[34m/api/v1/auth/verify\u001b[39m \u001b[33m2021-11-24 16:7:41\u001b[39m","service":"user-service"}
{"level":"info","message":"\u001b[32mOPTIONS\u001b[39m \u001b[34m/api/v1/auth/verify\u001b[39m \u001b[33m2021-11-24 16:7:57\u001b[39m","service":"user-service"}
{"level":"info","message":"\u001b[32mGET\u001b[39m \u001b[34m/api/v1/auth/verify\u001b[39m \u001b[33m2021-11-24 16:7:57\u001b[39m","service":"user-service"}
{"level":"info","message":"\u001b[32mOPTIONS\u001b[39m \u001b[34m/api/v1/auth/verify\u001b[39m \u001b[33m2021-11-24 16:10:17\u001b[39m","service":"user-service"}
{"level":"info","message":"\u001b[32mGET\u001b[39m \u001b[34m/api/v1/auth/verify\u001b[39m \u001b[33m2021-11-24 16:10:17\u001b[39m","service":"user-service"}
{"level":"info","message":"\u001b[32mOPTIONS\u001b[39m \u001b[34m/api/v1/auth/verify\u001b[39m \u001b[33m2021-11-24 16:13:18\u001b[39m","service":"user-service"}
{"level":"info","message":"\u001b[32mGET\u001b[39m \u001b[34m/api/v1/auth/verify\u001b[39m \u001b[33m2021-11-24 16:13:18\u001b[39m","service":"user-service"}
{"level":"info","message":"\u001b[32mOPTIONS\u001b[39m \u001b[34m/api/v1/auth/verify\u001b[39m \u001b[33m2021-11-24 16:17:24\u001b[39m","service":"user-service"}
{"level":"info","message":"\u001b[32mGET\u001b[39m \u001b[34m/api/v1/auth/verify\u001b[39m \u001b[33m2021-11-24 16:17:24\u001b[39m","service":"user-service"}
{"level":"info","message":"\u001b[32mOPTIONS\u001b[39m \u001b[34m/api/v1/auth/verify\u001b[39m \u001b[33m2021-11-24 16:18:53\u001b[39m","service":"user-service"}
{"level":"info","message":"\u001b[32mGET\u001b[39m \u001b[34m/api/v1/auth/verify\u001b[39m \u001b[33m2021-11-24 16:18:53\u001b[39m","service":"user-service"}
{"level":"info","message":"\u001b[32mOPTIONS\u001b[39m \u001b[34m/api/v1/auth/verify\u001b[39m \u001b[33m2021-11-24 16:20:12\u001b[39m","service":"user-service"}
{"level":"info","message":"\u001b[32mGET\u001b[39m \u001b[34m/api/v1/auth/verify\u001b[39m \u001b[33m2021-11-24 16:20:12\u001b[39m","service":"user-service"}
{"level":"info","message":"\u001b[32mOPTIONS\u001b[39m \u001b[34m/api/v1/auth/verify\u001b[39m \u001b[33m2021-11-24 16:28:37\u001b[39m","service":"user-service"}
{"level":"info","message":"\u001b[32mGET\u001b[39m \u001b[34m/api/v1/auth/verify\u001b[39m \u001b[33m2021-11-24 16:28:37\u001b[39m","service":"user-service"}
{"level":"info","message":"\u001b[32mOPTIONS\u001b[39m \u001b[34m/api/v1/auth/verify\u001b[39m \u001b[33m2021-11-24 16:29:8\u001b[39m","service":"user-service"}
{"level":"info","message":"\u001b[32mGET\u001b[39m \u001b[34m/api/v1/auth/verify\u001b[39m \u001b[33m2021-11-24 16:29:8\u001b[39m","service":"user-service"}
{"level":"info","message":"\u001b[32mOPTIONS\u001b[39m \u001b[34m/api/v1/auth/verify\u001b[39m \u001b[33m2021-11-24 16:29:59\u001b[39m","service":"user-service"}
{"level":"info","message":"\u001b[32mGET\u001b[39m \u001b[34m/api/v1/auth/verify\u001b[39m \u001b[33m2021-11-24 16:29:59\u001b[39m","service":"user-service"}
{"level":"info","message":"\u001b[32mOPTIONS\u001b[39m \u001b[34m/api/v1/auth/verify\u001b[39m \u001b[33m2021-11-24 16:34:29\u001b[39m","service":"user-service"}
{"level":"info","message":"\u001b[32mGET\u001b[39m \u001b[34m/api/v1/auth/verify\u001b[39m \u001b[33m2021-11-24 16:34:29\u001b[39m","service":"user-service"}
{"level":"info","message":"\u001b[32mOPTIONS\u001b[39m \u001b[34m/api/v1/auth/verify\u001b[39m \u001b[33m2021-11-24 16:35:46\u001b[39m","service":"user-service"}
{"level":"info","message":"\u001b[32mGET\u001b[39m \u001b[34m/api/v1/auth/verify\u001b[39m \u001b[33m2021-11-24 16:35:46\u001b[39m","service":"user-service"}
{"level":"info","message":"\u001b[32mOPTIONS\u001b[39m \u001b[34m/api/v1/auth/verify\u001b[39m \u001b[33m2021-11-24 16:37:39\u001b[39m","service":"user-service"}
{"level":"info","message":"\u001b[32mGET\u001b[39m \u001b[34m/api/v1/auth/verify\u001b[39m \u001b[33m2021-11-24 16:37:39\u001b[39m","service":"user-service"}
{"level":"info","message":"\u001b[32mOPTIONS\u001b[39m \u001b[34m/api/v1/auth/verify\u001b[39m \u001b[33m2021-11-24 16:37:55\u001b[39m","service":"user-service"}
{"level":"info","message":"\u001b[32mGET\u001b[39m \u001b[34m/api/v1/auth/verify\u001b[39m \u001b[33m2021-11-24 16:37:55\u001b[39m","service":"user-service"}
{"level":"info","message":"\u001b[32mOPTIONS\u001b[39m \u001b[34m/api/v1/auth/verify\u001b[39m \u001b[33m2021-11-24 16:39:53\u001b[39m","service":"user-service"}
{"level":"info","message":"\u001b[32mGET\u001b[39m \u001b[34m/api/v1/auth/verify\u001b[39m \u001b[33m2021-11-24 16:39:53\u001b[39m","service":"user-service"}
{"level":"info","message":"\u001b[32mOPTIONS\u001b[39m \u001b[34m/api/v1/auth/verify\u001b[39m \u001b[33m2021-11-24 16:42:55\u001b[39m","service":"user-service"}
{"level":"info","message":"\u001b[32mGET\u001b[39m \u001b[34m/api/v1/auth/verify\u001b[39m \u001b[33m2021-11-24 16:42:55\u001b[39m","service":"user-service"}
{"level":"info","message":"\u001b[32mOPTIONS\u001b[39m \u001b[34m/api/v1/auth/verify\u001b[39m \u001b[33m2021-11-24 17:1:51\u001b[39m","service":"user-service"}
{"level":"info","message":"\u001b[32mGET\u001b[39m \u001b[34m/api/v1/auth/verify\u001b[39m \u001b[33m2021-11-24 17:1:51\u001b[39m","service":"user-service"}
{"level":"info","message":"\u001b[32mOPTIONS\u001b[39m \u001b[34m/api/v1/auth/verify\u001b[39m \u001b[33m2021-11-24 17:5:20\u001b[39m","service":"user-service"}
{"level":"info","message":"\u001b[32mGET\u001b[39m \u001b[34m/api/v1/auth/verify\u001b[39m \u001b[33m2021-11-24 17:5:20\u001b[39m","service":"user-service"}
{"level":"info","message":"\u001b[32mOPTIONS\u001b[39m \u001b[34m/api/v1/auth/verify\u001b[39m \u001b[33m2021-11-24 17:8:48\u001b[39m","service":"user-service"}
{"level":"info","message":"\u001b[32mGET\u001b[39m \u001b[34m/api/v1/auth/verify\u001b[39m \u001b[33m2021-11-24 17:8:48\u001b[39m","service":"user-service"}
{"level":"info","message":"\u001b[32mOPTIONS\u001b[39m \u001b[34m/api/v1/auth/verify\u001b[39m \u001b[33m2021-11-24 17:9:40\u001b[39m","service":"user-service"}
{"level":"info","message":"\u001b[32mGET\u001b[39m \u001b[34m/api/v1/auth/verify\u001b[39m \u001b[33m2021-11-24 17:9:40\u001b[39m","service":"user-service"}
{"level":"info","message":"\u001b[32mOPTIONS\u001b[39m \u001b[34m/api/v1/checkout/momo\u001b[39m \u001b[33m2021-11-24 17:12:48\u001b[39m","service":"user-service"}
{"level":"info","message":"\u001b[32mPOST\u001b[39m \u001b[34m/api/v1/checkout/momo\u001b[39m \u001b[33m2021-11-24 17:12:48\u001b[39m","service":"user-service"}
{"level":"info","message":"\u001b[32mOPTIONS\u001b[39m \u001b[34m/api/v1/checkout/momo\u001b[39m \u001b[33m2021-11-24 17:13:28\u001b[39m","service":"user-service"}
{"level":"info","message":"\u001b[32mPOST\u001b[39m \u001b[34m/api/v1/checkout/momo\u001b[39m \u001b[33m2021-11-24 17:13:28\u001b[39m","service":"user-service"}
{"level":"info","message":"\u001b[32mOPTIONS\u001b[39m \u001b[34m/api/v1/checkout/momo\u001b[39m \u001b[33m2021-11-24 17:13:50\u001b[39m","service":"user-service"}
{"level":"info","message":"\u001b[32mPOST\u001b[39m \u001b[34m/api/v1/checkout/momo\u001b[39m \u001b[33m2021-11-24 17:13:50\u001b[39m","service":"user-service"}
{"level":"info","message":"\u001b[32mOPTIONS\u001b[39m \u001b[34m/api/v1/checkout/momo\u001b[39m \u001b[33m2021-11-24 17:14:15\u001b[39m","service":"user-service"}
{"level":"info","message":"\u001b[32mPOST\u001b[39m \u001b[34m/api/v1/checkout/momo\u001b[39m \u001b[33m2021-11-24 17:14:15\u001b[39m","service":"user-service"}
{"level":"info","message":"\u001b[32mOPTIONS\u001b[39m \u001b[34m/api/v1/checkout/momo\u001b[39m \u001b[33m2021-11-24 17:15:20\u001b[39m","service":"user-service"}
{"level":"info","message":"\u001b[32mPOST\u001b[39m \u001b[34m/api/v1/checkout/momo\u001b[39m \u001b[33m2021-11-24 17:15:20\u001b[39m","service":"user-service"}
{"level":"info","message":"\u001b[32mOPTIONS\u001b[39m \u001b[34m/api/v1/auth/verify\u001b[39m \u001b[33m2021-11-24 17:15:24\u001b[39m","service":"user-service"}
{"level":"info","message":"\u001b[32mGET\u001b[39m \u001b[34m/api/v1/auth/verify\u001b[39m \u001b[33m2021-11-24 17:15:24\u001b[39m","service":"user-service"}
{"level":"info","message":"\u001b[32mOPTIONS\u001b[39m \u001b[34m/api/v1/checkout/momo\u001b[39m \u001b[33m2021-11-24 17:15:31\u001b[39m","service":"user-service"}
{"level":"info","message":"\u001b[32mPOST\u001b[39m \u001b[34m/api/v1/checkout/momo\u001b[39m \u001b[33m2021-11-24 17:15:31\u001b[39m","service":"user-service"}
{"level":"info","message":"\u001b[32mOPTIONS\u001b[39m \u001b[34m/api/v1/auth/verify\u001b[39m \u001b[33m2021-11-24 17:16:1\u001b[39m","service":"user-service"}
{"level":"info","message":"\u001b[32mGET\u001b[39m \u001b[34m/api/v1/auth/verify\u001b[39m \u001b[33m2021-11-24 17:16:1\u001b[39m","service":"user-service"}
{"level":"info","message":"\u001b[32mOPTIONS\u001b[39m \u001b[34m/api/v1/auth/verify\u001b[39m \u001b[33m2021-11-24 17:16:29\u001b[39m","service":"user-service"}
{"level":"info","message":"\u001b[32mGET\u001b[39m \u001b[34m/api/v1/auth/verify\u001b[39m \u001b[33m2021-11-24 17:16:29\u001b[39m","service":"user-service"}
{"level":"info","message":"\u001b[32mOPTIONS\u001b[39m \u001b[34m/api/v1/checkout/momo\u001b[39m \u001b[33m2021-11-24 17:16:35\u001b[39m","service":"user-service"}
{"level":"info","message":"\u001b[32mPOST\u001b[39m \u001b[34m/api/v1/checkout/momo\u001b[39m \u001b[33m2021-11-24 17:16:35\u001b[39m","service":"user-service"}
{"level":"info","message":"\u001b[32mOPTIONS\u001b[39m \u001b[34m/api/v1/auth/verify\u001b[39m \u001b[33m2021-11-24 17:16:50\u001b[39m","service":"user-service"}
{"level":"info","message":"\u001b[32mGET\u001b[39m \u001b[34m/api/v1/auth/verify\u001b[39m \u001b[33m2021-11-24 17:16:54\u001b[39m","service":"user-service"}
{"level":"info","message":"\u001b[32mOPTIONS\u001b[39m \u001b[34m/api/v1/checkout/momo\u001b[39m \u001b[33m2021-11-24 17:18:0\u001b[39m, body: [object Object]","service":"user-service"}
{"level":"info","message":"\u001b[32mPOST\u001b[39m \u001b[34m/api/v1/checkout/momo\u001b[39m \u001b[33m2021-11-24 17:18:0\u001b[39m, body: [object Object]","service":"user-service"}
{"level":"info","message":"\u001b[32mOPTIONS\u001b[39m \u001b[34m/api/v1/auth/verify\u001b[39m \u001b[33m2021-11-24 17:18:26\u001b[39m, body: {}","service":"user-service"}
{"level":"info","message":"\u001b[32mGET\u001b[39m \u001b[34m/api/v1/auth/verify\u001b[39m \u001b[33m2021-11-24 17:18:29\u001b[39m, body: {}","service":"user-service"}
{"level":"info","message":"\u001b[32mOPTIONS\u001b[39m \u001b[34m/api/v1/checkout/momo\u001b[39m \u001b[33m2021-11-24 17:18:54\u001b[39m, body: {}","service":"user-service"}
{"level":"info","message":"\u001b[32mPOST\u001b[39m \u001b[34m/api/v1/checkout/momo\u001b[39m \u001b[33m2021-11-24 17:18:54\u001b[39m, body: {}","service":"user-service"}
{"level":"info","message":"\u001b[32mOPTIONS\u001b[39m \u001b[34m/api/v1/auth/verify\u001b[39m \u001b[33m2021-11-24 17:19:46\u001b[39m, body: {}","service":"user-service"}
{"level":"info","message":"\u001b[32mPOST\u001b[39m \u001b[34m/api/v1/checkout/momo\u001b[39m \u001b[33m2021-11-24 17:20:15\u001b[39m, body: {\n  \"amount_money\": 3000\n}","service":"user-service"}
{"level":"info","message":"\u001b[32mOPTIONS\u001b[39m \u001b[34m/api/v1/checkout/momo\u001b[39m \u001b[33m2021-11-24 17:22:44\u001b[39m, body: {}","service":"user-service"}
{"level":"info","message":"\u001b[32mPOST\u001b[39m \u001b[34m/api/v1/checkout/momo\u001b[39m \u001b[33m2021-11-24 17:22:44\u001b[39m, body: {}","service":"user-service"}
{"level":"info","message":"\u001b[32mOPTIONS\u001b[39m \u001b[34m/api/v1/auth/verify\u001b[39m \u001b[33m2021-11-24 17:23:45\u001b[39m, body: {}","service":"user-service"}
{"level":"info","message":"\u001b[32mGET\u001b[39m \u001b[34m/api/v1/auth/verify\u001b[39m \u001b[33m2021-11-24 17:23:45\u001b[39m, body: {}","service":"user-service"}
{"level":"info","message":"\u001b[32mOPTIONS\u001b[39m \u001b[34m/api/v1/checkout/momo\u001b[39m \u001b[33m2021-11-24 17:23:49\u001b[39m, body: {}","service":"user-service"}
{"level":"info","message":"\u001b[32mPOST\u001b[39m \u001b[34m/api/v1/checkout/momo\u001b[39m \u001b[33m2021-11-24 17:23:49\u001b[39m, body: {\n  \"amount_money\": \"123456\"\n}","service":"user-service"}
{"level":"info","message":"\u001b[32mOPTIONS\u001b[39m \u001b[34m/api/v1/auth/verify\u001b[39m \u001b[33m2021-11-24 17:24:3\u001b[39m, body: {}","service":"user-service"}
{"level":"info","message":"\u001b[32mGET\u001b[39m \u001b[34m/api/v1/auth/verify\u001b[39m \u001b[33m2021-11-24 17:24:3\u001b[39m, body: {}","service":"user-service"}
{"level":"info","message":"\u001b[32mOPTIONS\u001b[39m \u001b[34m/api/v1/auth/verify\u001b[39m \u001b[33m2021-11-24 17:25:55\u001b[39m, body: {}","service":"user-service"}
{"level":"info","message":"\u001b[32mGET\u001b[39m \u001b[34m/api/v1/auth/verify\u001b[39m \u001b[33m2021-11-24 17:25:55\u001b[39m, body: {}","service":"user-service"}
{"level":"info","message":"\u001b[32mOPTIONS\u001b[39m \u001b[34m/api/v1/auth/verify\u001b[39m \u001b[33m2021-11-24 17:26:1\u001b[39m, body: {}","service":"user-service"}
{"level":"info","message":"\u001b[32mOPTIONS\u001b[39m \u001b[34m/api/v1/checkout/momo\u001b[39m \u001b[33m2021-11-24 17:26:9\u001b[39m, body: {}","service":"user-service"}
{"level":"info","message":"\u001b[32mPOST\u001b[39m \u001b[34m/api/v1/checkout/momo\u001b[39m \u001b[33m2021-11-24 17:26:9\u001b[39m, body: {\n  \"amount_money\": \"123456\"\n}","service":"user-service"}
{"level":"info","message":"\u001b[32mOPTIONS\u001b[39m \u001b[34m/api/v1/auth/verify\u001b[39m \u001b[33m2021-11-24 17:26:20\u001b[39m, body: {}","service":"user-service"}
{"level":"info","message":"\u001b[32mGET\u001b[39m \u001b[34m/api/v1/auth/verify\u001b[39m \u001b[33m2021-11-24 17:26:20\u001b[39m, body: {}","service":"user-service"}
{"level":"info","message":"\u001b[32mOPTIONS\u001b[39m \u001b[34m/api/v1/auth/verify\u001b[39m \u001b[33m2021-11-24 17:29:19\u001b[39m, body: {}","service":"user-service"}
{"level":"info","message":"\u001b[32mGET\u001b[39m \u001b[34m/api/v1/campaigns/search?\u001b[39m \u001b[33m2021-11-24 21:51:46\u001b[39m, body: {}","service":"user-service"}
{"level":"info","message":"\u001b[32mOPTIONS\u001b[39m \u001b[34m/api/v1/auth/verify\u001b[39m \u001b[33m2021-11-24 21:52:13\u001b[39m, body: {}","service":"user-service"}
{"level":"info","message":"\u001b[32mGET\u001b[39m \u001b[34m/api/v1/auth/verify\u001b[39m \u001b[33m2021-11-24 21:52:13\u001b[39m, body: {}","service":"user-service"}
{"level":"info","message":"\u001b[32mOPTIONS\u001b[39m \u001b[34m/api/v1/checkout/momo\u001b[39m \u001b[33m2021-11-24 21:57:5\u001b[39m, body: {}","service":"user-service"}
{"level":"info","message":"\u001b[32mPOST\u001b[39m \u001b[34m/api/v1/checkout/momo\u001b[39m \u001b[33m2021-11-24 21:57:5\u001b[39m, body: {\n  \"amount_money\": \"100000\"\n}","service":"user-service"}
{"level":"info","message":"\u001b[32mOPTIONS\u001b[39m \u001b[34m/api/v1/auth/verify\u001b[39m \u001b[33m2021-11-24 21:57:55\u001b[39m, body: {}","service":"user-service"}
{"level":"info","message":"\u001b[32mGET\u001b[39m \u001b[34m/api/v1/auth/verify\u001b[39m \u001b[33m2021-11-24 21:57:55\u001b[39m, body: {}","service":"user-service"}
{"level":"info","message":"\u001b[32mOPTIONS\u001b[39m \u001b[34m/api/v1/auth/verify\u001b[39m \u001b[33m2021-11-24 21:59:38\u001b[39m, body: {}","service":"user-service"}
{"level":"info","message":"\u001b[32mOPTIONS\u001b[39m \u001b[34m/api/v1/checkout/vnpay\u001b[39m \u001b[33m2021-11-24 21:59:42\u001b[39m, body: {}","service":"user-service"}
{"level":"info","message":"\u001b[32mPOST\u001b[39m \u001b[34m/api/v1/checkout/vnpay\u001b[39m \u001b[33m2021-11-24 21:59:43\u001b[39m, body: {\n  \"amount_money\": \"1000000\"\n}","service":"user-service"}
{"level":"info","message":"\u001b[32mOPTIONS\u001b[39m \u001b[34m/api/v1/checkout/vnpay\u001b[39m \u001b[33m2021-11-24 22:1:30\u001b[39m, body: {}","service":"user-service"}
{"level":"info","message":"\u001b[32mPOST\u001b[39m \u001b[34m/api/v1/checkout/vnpay\u001b[39m \u001b[33m2021-11-24 22:1:30\u001b[39m, body: {\n  \"amount_money\": \"1000000\"\n}","service":"user-service"}
{"level":"info","message":"\u001b[32mOPTIONS\u001b[39m \u001b[34m/api/v1/auth/verify\u001b[39m \u001b[33m2021-11-24 22:1:36\u001b[39m, body: {}","service":"user-service"}
{"level":"info","message":"\u001b[32mOPTIONS\u001b[39m \u001b[34m/api/v1/checkout/vnpay\u001b[39m \u001b[33m2021-11-24 22:5:39\u001b[39m, body: {}","service":"user-service"}
{"level":"info","message":"\u001b[32mPOST\u001b[39m \u001b[34m/api/v1/checkout/vnpay\u001b[39m \u001b[33m2021-11-24 22:5:39\u001b[39m, body: {\n  \"amount_money\": \"100000\"\n}","service":"user-service"}
